\BOOKMARK [1][-]{section.1}{Historical and current electric circuits and devices}{}% 1
\BOOKMARK [2][-]{subsection.1.1}{Analog circuits}{section.1}% 2
\BOOKMARK [2][-]{subsection.1.2}{Digital circuits}{section.1}% 3
\BOOKMARK [3][-]{subsubsection.1.2.1}{Binary representation}{subsection.1.2}% 4
\BOOKMARK [3][-]{subsubsection.1.2.2}{Bool Algebra and logical circuits}{subsection.1.2}% 5
\BOOKMARK [3][-]{subsubsection.1.2.3}{Vacuum tubes}{subsection.1.2}% 6
\BOOKMARK [3][-]{subsubsection.1.2.4}{Transistors}{subsection.1.2}% 7
\BOOKMARK [3][-]{subsubsection.1.2.5}{Logic gates}{subsection.1.2}% 8
\BOOKMARK [3][-]{subsubsection.1.2.6}{Integrated circuits}{subsection.1.2}% 9
\BOOKMARK [1][-]{section.2}{How does a Transistor work?}{}% 10
\BOOKMARK [2][-]{subsection.2.1}{Semiconductors}{section.2}% 11
\BOOKMARK [3][-]{subsubsection.2.1.1}{Doping}{subsection.2.1}% 12
\BOOKMARK [3][-]{subsubsection.2.1.2}{p-n junction}{subsection.2.1}% 13
\BOOKMARK [2][-]{subsection.2.2}{Transistors}{section.2}% 14
\BOOKMARK [3][-]{subsubsection.2.2.1}{Bipolar Junction transistors \(BJT\)}{subsection.2.2}% 15
\BOOKMARK [3][-]{subsubsection.2.2.2}{Field effect transistors \(FET\)}{subsection.2.2}% 16
\BOOKMARK [3][-]{subsubsection.2.2.3}{Differences, advantages and disadvantages of BJTs and MOSFETs}{subsection.2.2}% 17
\BOOKMARK [1][-]{section.3}{Future Solutions and Applications}{}% 18
\BOOKMARK [2][-]{subsection.3.1}{Moore's law}{section.3}% 19
\BOOKMARK [2][-]{subsection.3.2}{Wo ist Schluss? Tunnel effect?}{section.3}% 20
\BOOKMARK [2][-]{subsection.3.3}{UTBSOI and FINFET}{section.3}% 21
\BOOKMARK [3][-]{subsubsection.3.3.1}{Ultrathin Body Silicon on Insulator \(UTB SOI\)}{subsection.3.3}% 22
\BOOKMARK [3][-]{subsubsection.3.3.2}{From 2D to 3D: FinFET}{subsection.3.3}% 23
\BOOKMARK [2][-]{subsection.3.4}{Tunnel FET \(TFET\)}{section.3}% 24
\BOOKMARK [1][-]{section.4}{Sources}{}% 25
\BOOKMARK [1][-]{section.5}{questions to ask}{}% 26
\BOOKMARK [2][-]{subsection.5.1}{Why silicon?}{section.5}% 27
\BOOKMARK [2][-]{subsection.5.2}{Avalanche breakdown in reverse bias}{section.5}% 28
\BOOKMARK [2][-]{subsection.5.3}{What happens if you operate the n-p-n transistor the other way around?}{section.5}% 29
\BOOKMARK [2][-]{subsection.5.4}{Advantages and disadvantages of BJT and FET?}{section.5}% 30
\BOOKMARK [2][-]{subsection.5.5}{Manufacturing processes}{section.5}% 31
\BOOKMARK [3][-]{subsubsection.5.5.1}{Photolithographic techniques}{subsection.5.5}% 32
\BOOKMARK [3][-]{subsubsection.5.5.2}{Logic gates}{subsection.5.5}% 33
